<?xml version='1.1' encoding='UTF-8'?>
<result plugin="junit@1.24">
  <suites>
    <suite>
      <file>/var/jenkins_home/workspace/test-build/target/surefire-reports/TEST-com.example.DemoApplicationTests.xml</file>
      <name>com.example.DemoApplicationTests</name>
      <duration>0.11</duration>
      <time>0.11</time>
      <enclosingBlocks/>
      <enclosingBlockNames/>
      <cases>
        <case>
          <duration>0.078</duration>
          <className>com.example.DemoApplicationTests</className>
          <testName>testdivision</testName>
          <skipped>false</skipped>
          <failedSince>0</failedSince>
        </case>
        <case>
          <duration>0.01</duration>
          <className>com.example.DemoApplicationTests</className>
          <testName>contextLoads</testName>
          <skipped>false</skipped>
          <failedSince>0</failedSince>
        </case>
        <case>
          <duration>0.009</duration>
          <className>com.example.DemoApplicationTests</className>
          <testName>testdivision2</testName>
          <skipped>false</skipped>
          <failedSince>0</failedSince>
        </case>
        <case>
          <duration>0.013</duration>
          <className>com.example.DemoApplicationTests</className>
          <testName>testdivision3</testName>
          <skipped>false</skipped>
          <failedSince>0</failedSince>
        </case>
        <case>
          <duration>0.0</duration>
          <className>com.example.DemoApplicationTests</className>
          <testName>testdivision4</testName>
          <skipped>true</skipped>
          <failedSince>0</failedSince>
        </case>
      </cases>
    </suite>
  </suites>
  <duration>0.11</duration>
  <keepLongStdio>false</keepLongStdio>
</result>