<?xml version='1.1' encoding='UTF-8'?>
<result plugin="junit@1.24">
  <suites>
    <suite>
      <file>/var/jenkins_home/workspace/test-build/target/surefire-reports/TEST-com.example.DemoApplicationTests.xml</file>
      <name>com.example.DemoApplicationTests</name>
      <duration>0.25</duration>
      <time>0.25</time>
      <enclosingBlocks/>
      <enclosingBlockNames/>
      <cases>
        <case>
          <duration>0.153</duration>
          <className>com.example.DemoApplicationTests</className>
          <testName>testsoustraction</testName>
          <skipped>false</skipped>
          <failedSince>0</failedSince>
        </case>
        <case>
          <duration>0.0</duration>
          <className>com.example.DemoApplicationTests</className>
          <testName>testdivisionnull</testName>
          <skipped>true</skipped>
          <failedSince>0</failedSince>
        </case>
        <case>
          <duration>0.021</duration>
          <className>com.example.DemoApplicationTests</className>
          <testName>testdivisionpar0</testName>
          <skipped>false</skipped>
          <failedSince>0</failedSince>
        </case>
        <case>
          <duration>0.014</duration>
          <className>com.example.DemoApplicationTests</className>
          <testName>testaddition</testName>
          <skipped>false</skipped>
          <failedSince>0</failedSince>
        </case>
        <case>
          <duration>0.012</duration>
          <className>com.example.DemoApplicationTests</className>
          <testName>testdivisionexecptionwithaletter</testName>
          <skipped>false</skipped>
          <failedSince>0</failedSince>
        </case>
        <case>
          <duration>0.009</duration>
          <className>com.example.DemoApplicationTests</className>
          <testName>testdivisionexecption</testName>
          <skipped>false</skipped>
          <failedSince>0</failedSince>
        </case>
        <case>
          <duration>0.016</duration>
          <className>com.example.DemoApplicationTests</className>
          <testName>testdivision</testName>
          <skipped>false</skipped>
          <failedSince>0</failedSince>
        </case>
        <case>
          <duration>0.025</duration>
          <className>com.example.DemoApplicationTests</className>
          <testName>contextLoads</testName>
          <skipped>false</skipped>
          <failedSince>0</failedSince>
        </case>
      </cases>
    </suite>
  </suites>
  <duration>0.25</duration>
  <keepLongStdio>false</keepLongStdio>
</result>